#
# A fatal error has been detected by the Java Runtime Environment:
#
#  EXCEPTION_ACCESS_VIOLATION (0xc0000005) at pc=0x0000000074a48d85, pid=3144, tid=11820
#
# JRE version: Java(TM) SE Runtime Environment (8.0_77-b03) (build 1.8.0_77-b03)
# Java VM: Java HotSpot(TM) 64-Bit Server VM (25.77-b03 mixed mode windows-amd64 compressed oops)
# Problematic frame:
# V  [jvm.dll+0x128d85]
#
# Failed to write core dump. Minidumps are not enabled by default on client versions of Windows
#
# If you would like to submit a bug report, please visit:
#   http://bugreport.java.com/bugreport/crash.jsp
#

---------------  T H R E A D  ---------------

Current thread (0x000000001961d000):  JavaThread "JDWP Transport Listener: dt_socket" daemon [_thread_in_vm, id=11820, stack(0x0000000019c10000,0x0000000019d10000)]

siginfo: ExceptionCode=0xc0000005, reading address 0xffffffffffffffff

Registers:
RAX=0x0000000019d0f201, RBX=0x000000001961d000, RCX=0x3b54554f003b3124, RDX=0x0000000000000000
RSP=0x0000000019d0f260, RBP=0x3b54554f003b3124, RSI=0x0000000019d0f378, RDI=0x00000000034aa970
R8 =0x000000001961d000, R9 =0x0000000000008000, R10=0x0000000000000000, R11=0x000000001972e81f
R12=0x0000000000000000, R13=0x0000000019628d78, R14=0x0000000000000000, R15=0x0000000000000000
RIP=0x0000000074a48d85, EFLAGS=0x0000000000010206

Top of Stack: (sp=0x0000000019d0f260)
0x0000000019d0f260:   000000001961d000 000000001961d000
0x0000000019d0f270:   0000000019d0f328 0000000074c4e33b
0x0000000019d0f280:   000000001961d000 0000000074c6ab9d
0x0000000019d0f290:   0000000000000000 0000000074889155
0x0000000019d0f2a0:   0000000019820f00 000000007489291e
0x0000000019d0f2b0:   000000001961d000 0000000000000000
0x0000000019d0f2c0:   0000000000000000 0000000000000000
0x0000000019d0f2d0:   3b54554f003b3124 0000000074891a15
0x0000000019d0f2e0:   0000000019d0f378 0000000019d0f350
0x0000000019d0f2f0:   0000000000000001 0000000019820f00
0x0000000019d0f300:   3b54554f003b3124 00000000748753b3
0x0000000019d0f310:   0000000019d0f440 0000000000000001
0x0000000019d0f320:   0000000000000001 0000000019820f00
0x0000000019d0f330:   00000000f000100a 0000000000000000
0x0000000019d0f340:   0000000000000000 0000000000000000
0x0000000019d0f350:   0000000000000001 0000000074875571 

Instructions: (pc=0x0000000074a48d85)
0x0000000074a48d65:   cc cc cc cc cc cc cc cc cc cc cc 48 83 ec 28 48
0x0000000074a48d75:   85 c9 75 07 33 c0 48 83 c4 28 c3 48 89 5c 24 20
0x0000000074a48d85:   48 8b 19 48 85 db 74 20 48 83 fb 37 74 1a 48 8b
0x0000000074a48d95:   13 48 8b cb ff 52 10 84 c0 74 0d 48 8b c3 48 8b 


Register to memory mapping:

RAX=0x0000000019d0f201 is pointing into the stack for thread: 0x000000001961d000
RBX=0x000000001961d000 is a thread
RCX=0x3b54554f003b3124 is an unknown value
RDX=0x0000000000000000 is an unknown value
RSP=0x0000000019d0f260 is pointing into the stack for thread: 0x000000001961d000
RBP=0x3b54554f003b3124 is an unknown value
RSI=0x0000000019d0f378 is pointing into the stack for thread: 0x000000001961d000
RDI=0x00000000034aa970 is an unknown value
R8 =0x000000001961d000 is a thread
R9 =0x0000000000008000 is an unknown value
R10=0x0000000000000000 is an unknown value
R11=0x000000001972e81f is an unknown value
R12=0x0000000000000000 is an unknown value
R13=0x0000000019628d78 is an unknown value
R14=0x0000000000000000 is an unknown value
R15=0x0000000000000000 is an unknown value


Stack: [0x0000000019c10000,0x0000000019d10000],  sp=0x0000000019d0f260,  free space=1020k
Native frames: (J=compiled Java code, j=interpreted, Vv=VM code, C=native code)
V  [jvm.dll+0x128d85]
V  [jvm.dll+0x34ab9d]
C  [jdwp.dll+0x21a15]
C  [jdwp.dll+0x53b3]
C  [jdwp.dll+0x5571]
C  [jdwp.dll+0xf0a8]
C  [jdwp.dll+0x1f2d5]
C  [jdwp.dll+0x1f4aa]
V  [jvm.dll+0x1bba58]
V  [jvm.dll+0x243434]
V  [jvm.dll+0x29a27a]
C  [msvcr100.dll+0x21d9f]
C  [msvcr100.dll+0x21e3b]
C  [KERNEL32.DLL+0x13dc4]
C  [ntdll.dll+0x73691]


---------------  P R O C E S S  ---------------

Java Threads: ( => current thread )
  0x0000000019802000 JavaThread "Service Thread" daemon [_thread_blocked, id=20560, stack(0x000000001a210000,0x000000001a310000)]
  0x0000000019743000 JavaThread "C1 CompilerThread2" daemon [_thread_blocked, id=17804, stack(0x000000001a110000,0x000000001a210000)]
  0x0000000019741800 JavaThread "C2 CompilerThread1" daemon [_thread_blocked, id=5160, stack(0x000000001a010000,0x000000001a110000)]
  0x00000000196f4800 JavaThread "C2 CompilerThread0" daemon [_thread_blocked, id=8832, stack(0x0000000019f10000,0x000000001a010000)]
  0x000000001962e800 JavaThread "JDWP Command Reader" daemon [_thread_in_native, id=20832, stack(0x0000000019e10000,0x0000000019f10000)]
  0x000000001962b000 JavaThread "JDWP Event Helper Thread" daemon [_thread_blocked, id=16308, stack(0x0000000019d10000,0x0000000019e10000)]
=>0x000000001961d000 JavaThread "JDWP Transport Listener: dt_socket" daemon [_thread_in_vm, id=11820, stack(0x0000000019c10000,0x0000000019d10000)]
  0x00000000182d2000 JavaThread "Attach Listener" daemon [_thread_blocked, id=17908, stack(0x0000000019b10000,0x0000000019c10000)]
  0x0000000019618800 JavaThread "Signal Dispatcher" daemon [_thread_blocked, id=16596, stack(0x0000000019a10000,0x0000000019b10000)]
  0x00000000182aa800 JavaThread "Finalizer" daemon [_thread_blocked, id=20148, stack(0x0000000019510000,0x0000000019610000)]
  0x0000000003804000 JavaThread "Reference Handler" daemon [_thread_blocked, id=1064, stack(0x0000000019410000,0x0000000019510000)]
  0x00000000034ae800 JavaThread "main" [_thread_blocked, id=7804, stack(0x00000000034b0000,0x00000000035b0000)]

Other Threads:
  0x0000000018287800 VMThread [stack: 0x0000000019310000,0x0000000019410000] [id=12364]
  0x0000000019771000 WatcherThread [stack: 0x000000001a310000,0x000000001a410000] [id=11736]

VM state:not at safepoint (normal execution)

VM Mutex/Monitor currently owned by a thread: None

Heap:
 PSYoungGen      total 37888K, used 15348K [0x00000000d6200000, 0x00000000d8c00000, 0x0000000100000000)
  eden space 32768K, 46% used [0x00000000d6200000,0x00000000d70fd148,0x00000000d8200000)
  from space 5120K, 0% used [0x00000000d8700000,0x00000000d8700000,0x00000000d8c00000)
  to   space 5120K, 0% used [0x00000000d8200000,0x00000000d8200000,0x00000000d8700000)
 ParOldGen       total 86016K, used 0K [0x0000000082600000, 0x0000000087a00000, 0x00000000d6200000)
  object space 86016K, 0% used [0x0000000082600000,0x0000000082600000,0x0000000087a00000)
 Metaspace       used 6602K, capacity 6780K, committed 7040K, reserved 1056768K
  class space    used 777K, capacity 833K, committed 896K, reserved 1048576K

Card table byte_map: [0x0000000012bd0000,0x0000000012fc0000] byte_map_base: 0x00000000127bd000

Marking Bits: (ParMarkBitMap*) 0x0000000075130600
 Begin Bits: [0x0000000013660000, 0x00000000155c8000)
 End Bits:   [0x00000000155c8000, 0x0000000017530000)

Polling page: 0x0000000003040000

CodeCache: size=245760Kb used=1785Kb max_used=1785Kb free=243974Kb
 bounds [0x0000000003810000, 0x0000000003a80000, 0x0000000012810000]
 total_blobs=626 nmethods=325 adapters=222
 compilation: enabled

Compilation events (10 events):
Event: 1.115 Thread 0x0000000019743000  276   !   3       java.util.WeakHashMap::expungeStaleEntries (139 bytes)
Event: 1.116 Thread 0x0000000019743000 nmethod 276 0x00000000039c1a10 code [0x00000000039c1c00, 0x00000000039c2788]
Event: 1.118 Thread 0x0000000019741800 nmethod 272 0x00000000039c5fd0 code [0x00000000039c6120, 0x00000000039c6678]
Event: 1.119 Thread 0x0000000019743000  277       3       sun.misc.Launcher$AppClassLoader::loadClass (85 bytes)
Event: 1.120 Thread 0x0000000019743000 nmethod 277 0x00000000039c4b10 code [0x00000000039c4d60, 0x00000000039c5ac8]
Event: 1.120 Thread 0x0000000019743000  278  s    3       sun.misc.URLClassPath::knownToNotExist (24 bytes)
Event: 1.120 Thread 0x0000000019743000 nmethod 278 0x00000000039c44d0 code [0x00000000039c4640, 0x00000000039c4a28]
Event: 1.141 Thread 0x00000000196f4800 nmethod 273 0x00000000039c9a50 code [0x00000000039c9d00, 0x00000000039cb4e8]
Event: 2941.618 Thread 0x0000000019743000  325       3       java.util.HashMap::<init> (11 bytes)
Event: 2941.619 Thread 0x0000000019743000 nmethod 325 0x00000000039ce710 code [0x00000000039ce880, 0x00000000039cea90]

GC Heap History (0 events):
No events

Deoptimization events (0 events):
No events

Internal exceptions (9 events):
Event: 0.075 Thread 0x00000000034ae800 Exception <a 'java/lang/NoSuchMethodError': Method sun.misc.Unsafe.defineClass(Ljava/lang/String;[BII)Ljava/lang/Class; name or signature does not match> (0x00000000d6207cc0) thrown at [D:\re\workspace\8-2-build-windows-amd64-cygwin\jdk8u77\6540\hotspot\sr¿sk#n ≥?
Event: 0.075 Thread 0x00000000034ae800 Exception <a 'java/lang/NoSuchMethodError': Method sun.misc.Unsafe.prefetchRead(Ljava/lang/Object;J)V name or signature does not match> (0x00000000d6207fa8) thrown at [D:\re\workspace\8-2-build-windows-amd64-cygwin\jdk8u77\6540\hotspot\src\share\vm\prims\j5ö“ü3ì—?
Event: 0.275 Thread 0x00000000034ae800 Exception <a 'java/security/PrivilegedActionException'> (0x00000000d6428108) thrown at [D:\re\workspace\8-2-build-windows-amd64-cygwin\jdk8u77\6540\hotspot\src\share\vm\prims\jvm.cpp, line 1386]
Event: 0.275 Thread 0x00000000034ae800 Exception <a 'java/security/PrivilegedActionException'> (0x00000000d6428318) thrown at [D:\re\workspace\8-2-build-windows-amd64-cygwin\jdk8u77\6540\hotspot\src\share\vm\prims\jvm.cpp, line 1386]
Event: 0.276 Thread 0x00000000034ae800 Exception <a 'java/security/PrivilegedActionException'> (0x00000000d642a9d0) thrown at [D:\re\workspace\8-2-build-windows-amd64-cygwin\jdk8u77\6540\hotspot\src\share\vm\prims\jvm.cpp, line 1386]
Event: 0.276 Thread 0x00000000034ae800 Exception <a 'java/security/PrivilegedActionException'> (0x00000000d642abe0) thrown at [D:\re\workspace\8-2-build-windows-amd64-cygwin\jdk8u77\6540\hotspot\src\share\vm\prims\jvm.cpp, line 1386]
Event: 0.561 Thread 0x00000000034ae800 Exception <a 'java/io/FileNotFoundException'> (0x00000000d676c070) thrown at [D:\re\workspace\8-2-build-windows-amd64-cygwin\jdk8u77\6540\hotspot\src\share\vm\prims\jni.cpp, line 709]
Event: 14.218 Thread 0x00000000034ae800 Exception <a 'java/lang/NoSuchFieldError': method resolution failed> (0x00000000d6f9ebc0) thrown at [D:\re\workspace\8-2-build-windows-amd64-cygwin\jdk8u77\6540\hotspot\src\share\vm\prims\methodHandles.cpp, line 1146]
Event: 14.250 Thread 0x00000000034ae800 Exception <a 'java/lang/NoSuchFieldError': method resolution failed> (0x00000000d6fadcc0) thrown at [D:\re\workspace\8-2-build-windows-amd64-cygwin\jdk8u77\6540\hotspot\src\share\vm\prims\methodHandles.cpp, line 1146]

Events (10 events):
Event: 2963.084 Executing VM operation: ForceSafepoint
Event: 2963.084 Executing VM operation: ForceSafepoint done
Event: 3017.140 Executing VM operation: GetOrSetLocal
Event: 3017.140 Executing VM operation: GetOrSetLocal done
Event: 3017.140 Executing VM operation: GetOrSetLocal
Event: 3017.140 Executing VM operation: GetOrSetLocal done
Event: 3447.091 Thread 0x000000001961d000 DEOPT PACKING pc=0x000000000395b2ec sp=0x0000000019d0de40
Event: 3447.091 Thread 0x000000001961d000 DEOPT UNPACKING pc=0x000000000385787f sp=0x0000000019d0db78 mode 1
Event: 3447.107 Executing VM operation: RedefineClasses
Event: 3447.108 Executing VM operation: RedefineClasses done


Dynamic libraries:
0x00007ff79c4f0000 - 0x00007ff79c527000 	C:\Java\jdk1.8.0_77\bin\java.exe
0x00007ffc838f0000 - 0x00007ffc83ad1000 	C:\Windows\SYSTEM32\ntdll.dll
0x00007ffc83590000 - 0x00007ffc83642000 	C:\Windows\System32\KERNEL32.DLL
0x00007ffc7fe60000 - 0x00007ffc800d3000 	C:\Windows\System32\KERNELBASE.dll
0x00007ffc816f0000 - 0x00007ffc81791000 	C:\Windows\System32\ADVAPI32.dll
0x00007ffc81ad0000 - 0x00007ffc81b6e000 	C:\Windows\System32\msvcrt.dll
0x00007ffc815d0000 - 0x00007ffc8162b000 	C:\Windows\System32\sechost.dll
0x00007ffc811b0000 - 0x00007ffc812d4000 	C:\Windows\System32\RPCRT4.dll
0x00007ffc80ef0000 - 0x00007ffc81080000 	C:\Windows\System32\USER32.dll
0x00007ffc80a40000 - 0x00007ffc80a60000 	C:\Windows\System32\win32u.dll
0x00007ffc80ec0000 - 0x00007ffc80ee8000 	C:\Windows\System32\GDI32.dll
0x00007ffc80140000 - 0x00007ffc802d2000 	C:\Windows\System32\gdi32full.dll
0x00007ffc7fdc0000 - 0x00007ffc7fe5f000 	C:\Windows\System32\msvcp_win.dll
0x00007ffc7fcc0000 - 0x00007ffc7fdba000 	C:\Windows\System32\ucrtbase.dll
0x00007ffc5c400000 - 0x00007ffc5c4fe000 	C:\Windows\SYSTEM32\winhafnt64.dll
0x00007ffc73780000 - 0x00007ffc7378a000 	C:\Windows\SYSTEM32\VERSION.dll
0x00007ffc70190000 - 0x00007ffc703f9000 	C:\Windows\WinSxS\amd64_microsoft.windows.common-controls_6595b64144ccf1df_6.0.17134.590_none_fb3d9bff3069e088\COMCTL32.dll
0x00007ffc817a0000 - 0x00007ffc81ac2000 	C:\Windows\System32\combase.dll
0x00007ffc80a60000 - 0x00007ffc80ada000 	C:\Windows\System32\bcryptPrimitives.dll
0x00007ffc815a0000 - 0x00007ffc815cd000 	C:\Windows\System32\IMM32.DLL
0x00007ffc5bf60000 - 0x00007ffc5c3a3000 	C:\Windows\SYSTEM32\winhadnt64.dll
0x00007ffc81630000 - 0x00007ffc81681000 	C:\Windows\System32\SHLWAPI.dll
0x00007ffc73760000 - 0x00007ffc7377a000 	C:\Windows\SYSTEM32\MPR.dll
0x00007ffc81cf0000 - 0x00007ffc83130000 	C:\Windows\System32\SHELL32.dll
0x00007ffc809f0000 - 0x00007ffc80a39000 	C:\Windows\System32\cfgmgr32.dll
0x00007ffc80e10000 - 0x00007ffc80eb9000 	C:\Windows\System32\shcore.dll
0x00007ffc802e0000 - 0x00007ffc809ed000 	C:\Windows\System32\windows.storage.dll
0x00007ffc7fca0000 - 0x00007ffc7fcb1000 	C:\Windows\System32\kernel.appcore.dll
0x00007ffc7fc60000 - 0x00007ffc7fc7f000 	C:\Windows\System32\profapi.dll
0x00007ffc7fc00000 - 0x00007ffc7fc4c000 	C:\Windows\System32\powrprof.dll
0x00007ffc7fc50000 - 0x00007ffc7fc5a000 	C:\Windows\System32\FLTLIB.DLL
0x00007ffc81440000 - 0x00007ffc81591000 	C:\Windows\System32\ole32.dll
0x00007ffc83650000 - 0x00007ffc83713000 	C:\Windows\System32\OLEAUT32.dll
0x00007ffc813d0000 - 0x00007ffc8143c000 	C:\Windows\System32\WS2_32.dll
0x00007ffc7f1a0000 - 0x00007ffc7f25e000 	C:\Windows\SYSTEM32\Dnsapi.dll
0x00007ffc80e00000 - 0x00007ffc80e08000 	C:\Windows\System32\NSI.dll
0x00007ffc7f160000 - 0x00007ffc7f198000 	C:\Windows\SYSTEM32\IPHLPAPI.DLL
0x00007ffc5bd90000 - 0x00007ffc5bf5d000 	C:\Windows\SYSTEM32\DtFrame64.dll
0x0000000180000000 - 0x0000000180031000 	C:\Windows\SYSTEM32\TIjtdrvd64.dll
0x00007ffc5bc40000 - 0x00007ffc5bd85000 	C:\Windows\SYSTEM32\winbrohca64.dll
0x00007ffc74760000 - 0x00007ffc747e5000 	C:\Windows\SYSTEM32\winspool.drv
0x00007ffc7f720000 - 0x00007ffc7f745000 	C:\Windows\SYSTEM32\bcrypt.dll
0x00007ffc7e990000 - 0x00007ffc7eb44000 	C:\Windows\SYSTEM32\PROPSYS.dll
0x00007ffc6ca20000 - 0x00007ffc6ca2b000 	C:\Windows\SYSTEM32\WinUsb.dll
0x0000000003160000 - 0x0000000003244000 	C:\Windows\SYSTEM32\TMailHook64.dll
0x00000000751b0000 - 0x0000000075282000 	C:\Java\jdk1.8.0_77\jre\bin\msvcr100.dll
0x0000000074920000 - 0x00000000751b0000 	C:\Java\jdk1.8.0_77\jre\bin\server\jvm.dll
0x00007ffc81080000 - 0x00007ffc81088000 	C:\Windows\System32\PSAPI.DLL
0x00007ffc6e890000 - 0x00007ffc6e899000 	C:\Windows\SYSTEM32\WSOCK32.dll
0x00007ffc7dae0000 - 0x00007ffc7db03000 	C:\Windows\SYSTEM32\WINMM.dll
0x00007ffc7dab0000 - 0x00007ffc7dada000 	C:\Windows\SYSTEM32\WINMMBASE.dll
0x0000000075cc0000 - 0x0000000075ccf000 	C:\Java\jdk1.8.0_77\jre\bin\verify.dll
0x0000000075c90000 - 0x0000000075cb9000 	C:\Java\jdk1.8.0_77\jre\bin\java.dll
0x0000000074870000 - 0x00000000748a5000 	C:\Java\jdk1.8.0_77\jre\bin\jdwp.dll
0x0000000074860000 - 0x0000000074868000 	C:\Java\jdk1.8.0_77\jre\bin\npt.dll
0x0000000074830000 - 0x0000000074853000 	C:\Java\jdk1.8.0_77\jre\bin\instrument.dll
0x0000000074900000 - 0x0000000074916000 	C:\Java\jdk1.8.0_77\jre\bin\zip.dll
0x0000000074820000 - 0x0000000074829000 	C:\Java\jdk1.8.0_77\jre\bin\dt_socket.dll
0x00007ffc7f3e0000 - 0x00007ffc7f446000 	C:\Windows\system32\mswsock.dll
0x00007ffc77010000 - 0x00007ffc7702a000 	C:\Windows\SYSTEM32\dhcpcsvc.DLL
0x00007ffc7f590000 - 0x00007ffc7f5a7000 	C:\Windows\SYSTEM32\CRYPTSP.dll
0x00007ffc7efc0000 - 0x00007ffc7eff3000 	C:\Windows\system32\rsaenh.dll
0x00007ffc7fb30000 - 0x00007ffc7fb58000 	C:\Windows\SYSTEM32\USERENV.dll
0x00007ffc7f5b0000 - 0x00007ffc7f5bb000 	C:\Windows\SYSTEM32\CRYPTBASE.dll
0x00000000748e0000 - 0x00000000748fa000 	C:\Java\jdk1.8.0_77\jre\bin\net.dll
0x00007ffc77030000 - 0x00007ffc77046000 	C:\Windows\SYSTEM32\dhcpcsvc6.DLL
0x00000000748c0000 - 0x00000000748d1000 	C:\Java\jdk1.8.0_77\jre\bin\nio.dll
0x00007ffc73790000 - 0x00007ffc73bfc000 	C:\Windows\SYSTEM32\TSafeDoc64.dll
0x000000001b210000 - 0x000000001b3e1000 	C:\Windows\SYSTEM32\winncap364.dll
0x000000001b4b0000 - 0x000000001b5cb000 	C:\Windows\SYSTEM32\DtsFrame64.dll
0x00007ffc6f610000 - 0x00007ffc6facd000 	C:\Windows\SYSTEM32\Wininet.dll
0x00007ffc6b700000 - 0x00007ffc6b71c000 	C:\Windows\SYSTEM32\hlink.dll
0x00007ffc70c10000 - 0x00007ffc70dd9000 	C:\Windows\SYSTEM32\dbghelp.dll

VM Arguments:
jvm_args: -agentlib:jdwp=transport=dt_socket,address=127.0.0.1:22230,suspend=y,server=n -ea -Didea.test.cyclic.buffer.size=1048576 -javaagent:C:\Users\xuxk\.IntelliJIdea2018.3\system\groovyHotSwap\gragent.jar -javaagent:C:\Users\xuxk\.IntelliJIdea2018.3\system\captureAgent\debugger-agent.jar -Dfile.encoding=UTF-8 
java_command: com.intellij.rt.execution.junit.JUnitStarter -ideVersion5 -junit4 com.higer.jdk8.stream.StreamTest5,test4
java_class_path (initial): D:\Program Files\JetBrains\ideaIU-2018.3.5\lib\idea_rt.jar;D:\Program Files\JetBrains\ideaIU-2018.3.5\plugins\junit\lib\junit-rt.jar;D:\Program Files\JetBrains\ideaIU-2018.3.5\plugins\junit\lib\junit5-rt.jar;C:\Java\jdk1.8.0_77\jre\lib\charsets.jar;C:\Java\jdk1.8.0_77\jre\lib\deploy.jar;C:\Java\jdk1.8.0_77\jre\lib\ext\access-bridge-64.jar;C:\Java\jdk1.8.0_77\jre\lib\ext\cldrdata.jar;C:\Java\jdk1.8.0_77\jre\lib\ext\dnsns.jar;C:\Java\jdk1.8.0_77\jre\lib\ext\jaccess.jar;C:\Java\jdk1.8.0_77\jre\lib\ext\jfxrt.jar;C:\Java\jdk1.8.0_77\jre\lib\ext\localedata.jar;C:\Java\jdk1.8.0_77\jre\lib\ext\nashorn.jar;C:\Java\jdk1.8.0_77\jre\lib\ext\sunec.jar;C:\Java\jdk1.8.0_77\jre\lib\ext\sunjce_provider.jar;C:\Java\jdk1.8.0_77\jre\lib\ext\sunmscapi.jar;C:\Java\jdk1.8.0_77\jre\lib\ext\sunpkcs11.jar;C:\Java\jdk1.8.0_77\jre\lib\ext\zipfs.jar;C:\Java\jdk1.8.0_77\jre\lib\javaws.jar;C:\Java\jdk1.8.0_77\jre\lib\jce.jar;C:\Java\jdk1.8.0_77\jre\lib\jfr.jar;C:\Java\jdk1.8.0_77\jre\lib\jfxswt.jar;C:\Java\jdk1.8.0_77\jre\lib\jsse.jar;C:\Java\jdk1.8.0_77\jre\lib\management-agent.jar;C:\Java\jdk1.8.0_77\jre\lib\plugin.jar;C:\Java\jdk1.8.0_77\jre\lib\resources.jar;C:\Java\jdk1.8.0_77\jre\lib\rt.jar;D:\java\IdeaProjects\jdk8\out\test\classes;C:\Users\xuxk\.gradle\caches\modules-2\files-2.1\junit\junit\4.12\2973d150c0dc1fefe998f834810d68f278ea58ec\junit-4.12.jar;C:\Users\xuxk\.gradle\caches\modules-2\files-2.1\org.hamcrest\hamcrest-core\1.3\42a25dc3219429f0e5d060061f71acb49bf010a0\hamcrest-core-1.3.jar;C:\Users\xuxk\.IntelliJIdea2018.3\system\groovyHotSwap\gragent.jar;C:\Users\xuxk\.IntelliJIdea2018.3\system\captureAgent\debugger-agent.jar
Launcher Type: SUN_STANDARD

Environment Variables:
JAVA_HOME=C:\Java\jdk1.8.0_77
JRE_HOME=C:\Java\jdk1.8.0_77\jre
CLASSPATH=.C:\Java\jdk1.8.0_77\lib;C:\Java\jdk1.8.0_77\lib\tools.jar
PATH=C:\ProgramData\Oracle\Java\javapath;C:\Windows\system32;C:\Windows;C:\Windows\System32\Wbem;C:\Windows\System32\WindowsPowerShell\v1.0\;C:\Windows\System32\OpenSSH\;C:\Program Files\Microsoft\Web Platform Installer\;C:\Program Files (x86)\Microsoft ASP.NET\ASP.NET Web Pages\v1.0\;C:\Program Files (x86)\Windows Kits\8.0\Windows Performance Toolkit\;C:\Program Files\Microsoft SQL Server\110\Tools\Binn\;C:\Program Files\Microsoft SQL Server\120\DTS\Binn\;C:\Program Files\Microsoft SQL Server\Client SDK\ODBC\110\Tools\Binn\;C:\Program Files (x86)\Microsoft SQL Server\120\Tools\Binn\;C:\Program Files\Microsoft SQL Server\120\Tools\Binn\;C:\Program Files (x86)\Microsoft SQL Server\120\Tools\Binn\ManagementStudio\;C:\Program Files (x86)\Microsoft SQL Server\120\DTS\Binn\;D:\apache-maven-3.2.1\bin\;"C:\Java\jdk1.8.0_77\bin;C:\Java\jdk1.8.0_77\jre\bin";D:\Program Files\nodejs\;D:\Program Files\MongoDB\Server\4.0\bin;;D:\Program Files\Microsoft VS Code\bin;C:\Users\xuxk\AppData\Local\Microsoft\WindowsApps;C:\Users\xuxk\AppData\Roaming\npm
USERNAME=xuxk
OS=Windows_NT
PROCESSOR_IDENTIFIER=Intel64 Family 6 Model 158 Stepping 11, GenuineIntel



---------------  S Y S T E M  ---------------

OS: Windows 10.0 , 64 bit Build 17134 (10.0.17134.556)

CPU:total 4 (4 cores per cpu, 1 threads per core) family 6 model 158 stepping 11, cmov, cx8, fxsr, mmx, sse, sse2, sse3, ssse3, sse4.1, sse4.2, popcnt, avx, avx2, aes, clmul, erms, 3dnowpref, lzcnt, tsc, tscinvbit, bmi1, bmi2, adx

Memory: 4k page, physical 8228128k(2614460k free), swap 14165544k(3818976k free)

vm_info: Java HotSpot(TM) 64-Bit Server VM (25.77-b03) for windows-amd64 JRE (1.8.0_77-b03), built on Mar 20 2016 22:01:33 by "java_re" with MS VC++ 10.0 (VS2010)

time: Mon Jul 15 16:02:27 2019
elapsed time: 3447 seconds (0d 0h 57m 27s)

